[11-Nov-2024 05:15:44 UTC] WordPress database error Table 'local.wp_wc_webhooks' doesn't exist for query SELECT webhook_id
				FROM wp_wc_webhooks
				WHERE 1=1
				AND `status` = 'active'
				
				
				
				
				
				
				ORDER BY webhook_id DESC made by require_once('wp-admin/admin.php'), require_once('wp-load.php'), require_once('wp-config.php'), require_once('wp-settings.php'), do_action('init'), WP_Hook->do_action, WP_Hook->apply_filters, WooCommerce->init, WooCommerce->load_webhooks, wc_load_webhooks, WC_Data_Store->__call, WC_Webhook_Data_Store->get_webhooks_ids, WC_Webhook_Data_Store->search_webhooks
[11-Nov-2024 05:15:44 UTC] WordPress database error Table 'local.wp_woocommerce_attribute_taxonomies' doesn't exist for query SELECT * FROM wp_woocommerce_attribute_taxonomies WHERE attribute_name != '' ORDER BY attribute_name ASC; made by require_once('wp-admin/admin.php'), require_once('wp-load.php'), require_once('wp-config.php'), require_once('wp-settings.php'), do_action('init'), WP_Hook->do_action, WP_Hook->apply_filters, WC_Post_Types::register_taxonomies, wc_get_attribute_taxonomies
[11-Nov-2024 05:16:07 UTC] PHP Warning:  Attempt to read property "post_status" on null in C:\Users\91880\Local Sites\uniform-manufactures\app\public\wp-content\plugins\elementor\core\base\document.php on line 1959
[11-Nov-2024 05:16:07 UTC] PHP Warning:  Attempt to read property "post_status" on null in C:\Users\91880\Local Sites\uniform-manufactures\app\public\wp-content\plugins\elementor\core\base\document.php on line 1968
[11-Nov-2024 05:24:47 UTC] PHP Warning:  Undefined property: WP_Ajax_Upgrader_Skin::$api in C:\Users\91880\Local Sites\uniform-manufactures\app\public\wp-admin\includes\class-theme-upgrader.php on line 160
[11-Nov-2024 05:24:52 UTC] PHP Warning:  Undefined array key "action" in C:\Users\91880\Local Sites\uniform-manufactures\app\public\wp-content\plugins\woocommerce\src\Blocks\Patterns\AIPatterns.php on line 94
[11-Nov-2024 05:24:52 UTC] PHP Warning:  Undefined array key "action" in C:\Users\91880\Local Sites\uniform-manufactures\app\public\wp-content\plugins\woocommerce\src\Blocks\Patterns\PTKPatternsStore.php on line 158
[11-Nov-2024 05:25:35 UTC] PHP Warning:  Trying to access array offset on value of type bool in C:\Users\91880\Local Sites\uniform-manufactures\app\public\wp-content\plugins\woocommerce\includes\wc-template-functions.php on line 1627
[11-Nov-2024 05:25:35 UTC] PHP Warning:  Trying to access array offset on value of type bool in C:\Users\91880\Local Sites\uniform-manufactures\app\public\wp-content\plugins\woocommerce\includes\wc-template-functions.php on line 1628
[11-Nov-2024 05:25:35 UTC] PHP Warning:  Trying to access array offset on value of type bool in C:\Users\91880\Local Sites\uniform-manufactures\app\public\wp-content\plugins\woocommerce\includes\wc-template-functions.php on line 1629
[11-Nov-2024 05:25:35 UTC] PHP Warning:  Trying to access array offset on value of type bool in C:\Users\91880\Local Sites\uniform-manufactures\app\public\wp-content\plugins\woocommerce\includes\wc-template-functions.php on line 1630
[11-Nov-2024 05:25:35 UTC] PHP Warning:  Trying to access array offset on value of type bool in C:\Users\91880\Local Sites\uniform-manufactures\app\public\wp-content\plugins\woocommerce\includes\wc-template-functions.php on line 1639
[11-Nov-2024 05:25:35 UTC] PHP Warning:  Trying to access array offset on value of type bool in C:\Users\91880\Local Sites\uniform-manufactures\app\public\wp-content\plugins\woocommerce\includes\wc-template-functions.php on line 1639
[11-Nov-2024 05:27:45 UTC] PHP Fatal error:  Uncaught TypeError: call_user_func(): Argument #1 ($callback) must be a valid callback, function "education_insight_customize_partial_education_insight_call" not found or invalid function name in C:\Users\91880\Local Sites\uniform-manufactures\app\public\wp-includes\customize\class-wp-customize-partial.php:222
Stack trace:
#0 C:\Users\91880\Local Sites\uniform-manufactures\app\public\wp-includes\customize\class-wp-customize-selective-refresh.php(372): WP_Customize_Partial->render(Array)
#1 C:\Users\91880\Local Sites\uniform-manufactures\app\public\wp-includes\class-wp-hook.php(324): WP_Customize_Selective_Refresh->handle_render_partials_request('')
#2 C:\Users\91880\Local Sites\uniform-manufactures\app\public\wp-includes\class-wp-hook.php(348): WP_Hook->apply_filters(NULL, Array)
#3 C:\Users\91880\Local Sites\uniform-manufactures\app\public\wp-includes\plugin.php(517): WP_Hook->do_action(Array)
#4 C:\Users\91880\Local Sites\uniform-manufactures\app\public\wp-includes\template-loader.php(13): do_action('template_redire...')
#5 C:\Users\91880\Local Sites\uniform-manufactures\app\public\wp-blog-header.php(19): require_once('C:\\Users\\91880\\...')
#6 C:\Users\91880\Local Sites\uniform-manufactures\app\public\index.php(17): require('C:\\Users\\91880\\...')
#7 {main}
  thrown in C:\Users\91880\Local Sites\uniform-manufactures\app\public\wp-includes\customize\class-wp-customize-partial.php on line 222
[11-Nov-2024 05:27:49 UTC] PHP Fatal error:  Uncaught TypeError: call_user_func(): Argument #1 ($callback) must be a valid callback, function "education_insight_customize_partial_education_insight_call" not found or invalid function name in C:\Users\91880\Local Sites\uniform-manufactures\app\public\wp-includes\customize\class-wp-customize-partial.php:222
Stack trace:
#0 C:\Users\91880\Local Sites\uniform-manufactures\app\public\wp-includes\customize\class-wp-customize-selective-refresh.php(372): WP_Customize_Partial->render(Array)
#1 C:\Users\91880\Local Sites\uniform-manufactures\app\public\wp-includes\class-wp-hook.php(324): WP_Customize_Selective_Refresh->handle_render_partials_request('')
#2 C:\Users\91880\Local Sites\uniform-manufactures\app\public\wp-includes\class-wp-hook.php(348): WP_Hook->apply_filters(NULL, Array)
#3 C:\Users\91880\Local Sites\uniform-manufactures\app\public\wp-includes\plugin.php(517): WP_Hook->do_action(Array)
#4 C:\Users\91880\Local Sites\uniform-manufactures\app\public\wp-includes\template-loader.php(13): do_action('template_redire...')
#5 C:\Users\91880\Local Sites\uniform-manufactures\app\public\wp-blog-header.php(19): require_once('C:\\Users\\91880\\...')
#6 C:\Users\91880\Local Sites\uniform-manufactures\app\public\index.php(17): require('C:\\Users\\91880\\...')
#7 {main}
  thrown in C:\Users\91880\Local Sites\uniform-manufactures\app\public\wp-includes\customize\class-wp-customize-partial.php on line 222
[11-Nov-2024 05:27:50 UTC] PHP Fatal error:  Uncaught TypeError: call_user_func(): Argument #1 ($callback) must be a valid callback, function "education_insight_customize_partial_education_insight_call" not found or invalid function name in C:\Users\91880\Local Sites\uniform-manufactures\app\public\wp-includes\customize\class-wp-customize-partial.php:222
Stack trace:
#0 C:\Users\91880\Local Sites\uniform-manufactures\app\public\wp-includes\customize\class-wp-customize-selective-refresh.php(372): WP_Customize_Partial->render(Array)
#1 C:\Users\91880\Local Sites\uniform-manufactures\app\public\wp-includes\class-wp-hook.php(324): WP_Customize_Selective_Refresh->handle_render_partials_request('')
#2 C:\Users\91880\Local Sites\uniform-manufactures\app\public\wp-includes\class-wp-hook.php(348): WP_Hook->apply_filters(NULL, Array)
#3 C:\Users\91880\Local Sites\uniform-manufactures\app\public\wp-includes\plugin.php(517): WP_Hook->do_action(Array)
#4 C:\Users\91880\Local Sites\uniform-manufactures\app\public\wp-includes\template-loader.php(13): do_action('template_redire...')
#5 C:\Users\91880\Local Sites\uniform-manufactures\app\public\wp-blog-header.php(19): require_once('C:\\Users\\91880\\...')
#6 C:\Users\91880\Local Sites\uniform-manufactures\app\public\index.php(17): require('C:\\Users\\91880\\...')
#7 {main}
  thrown in C:\Users\91880\Local Sites\uniform-manufactures\app\public\wp-includes\customize\class-wp-customize-partial.php on line 222
[11-Nov-2024 05:44:43 UTC] PHP Fatal error:  Uncaught TypeError: call_user_func(): Argument #1 ($callback) must be a valid callback, function "education_insight_customize_partial_education_insight_popular_courses_heading" not found or invalid function name in C:\Users\91880\Local Sites\uniform-manufactures\app\public\wp-includes\customize\class-wp-customize-partial.php:222
Stack trace:
#0 C:\Users\91880\Local Sites\uniform-manufactures\app\public\wp-includes\customize\class-wp-customize-selective-refresh.php(372): WP_Customize_Partial->render(Array)
#1 C:\Users\91880\Local Sites\uniform-manufactures\app\public\wp-includes\class-wp-hook.php(324): WP_Customize_Selective_Refresh->handle_render_partials_request('')
#2 C:\Users\91880\Local Sites\uniform-manufactures\app\public\wp-includes\class-wp-hook.php(348): WP_Hook->apply_filters(NULL, Array)
#3 C:\Users\91880\Local Sites\uniform-manufactures\app\public\wp-includes\plugin.php(517): WP_Hook->do_action(Array)
#4 C:\Users\91880\Local Sites\uniform-manufactures\app\public\wp-includes\template-loader.php(13): do_action('template_redire...')
#5 C:\Users\91880\Local Sites\uniform-manufactures\app\public\wp-blog-header.php(19): require_once('C:\\Users\\91880\\...')
#6 C:\Users\91880\Local Sites\uniform-manufactures\app\public\index.php(17): require('C:\\Users\\91880\\...')
#7 {main}
  thrown in C:\Users\91880\Local Sites\uniform-manufactures\app\public\wp-includes\customize\class-wp-customize-partial.php on line 222
[11-Nov-2024 05:44:48 UTC] PHP Fatal error:  Uncaught TypeError: call_user_func(): Argument #1 ($callback) must be a valid callback, function "education_insight_customize_partial_education_insight_popular_courses_heading" not found or invalid function name in C:\Users\91880\Local Sites\uniform-manufactures\app\public\wp-includes\customize\class-wp-customize-partial.php:222
Stack trace:
#0 C:\Users\91880\Local Sites\uniform-manufactures\app\public\wp-includes\customize\class-wp-customize-selective-refresh.php(372): WP_Customize_Partial->render(Array)
#1 C:\Users\91880\Local Sites\uniform-manufactures\app\public\wp-includes\class-wp-hook.php(324): WP_Customize_Selective_Refresh->handle_render_partials_request('')
#2 C:\Users\91880\Local Sites\uniform-manufactures\app\public\wp-includes\class-wp-hook.php(348): WP_Hook->apply_filters(NULL, Array)
#3 C:\Users\91880\Local Sites\uniform-manufactures\app\public\wp-includes\plugin.php(517): WP_Hook->do_action(Array)
#4 C:\Users\91880\Local Sites\uniform-manufactures\app\public\wp-includes\template-loader.php(13): do_action('template_redire...')
#5 C:\Users\91880\Local Sites\uniform-manufactures\app\public\wp-blog-header.php(19): require_once('C:\\Users\\91880\\...')
#6 C:\Users\91880\Local Sites\uniform-manufactures\app\public\index.php(17): require('C:\\Users\\91880\\...')
#7 {main}
  thrown in C:\Users\91880\Local Sites\uniform-manufactures\app\public\wp-includes\customize\class-wp-customize-partial.php on line 222
[11-Nov-2024 05:44:51 UTC] PHP Fatal error:  Uncaught TypeError: call_user_func(): Argument #1 ($callback) must be a valid callback, function "education_insight_customize_partial_education_insight_popular_courses_heading" not found or invalid function name in C:\Users\91880\Local Sites\uniform-manufactures\app\public\wp-includes\customize\class-wp-customize-partial.php:222
Stack trace:
#0 C:\Users\91880\Local Sites\uniform-manufactures\app\public\wp-includes\customize\class-wp-customize-selective-refresh.php(372): WP_Customize_Partial->render(Array)
#1 C:\Users\91880\Local Sites\uniform-manufactures\app\public\wp-includes\class-wp-hook.php(324): WP_Customize_Selective_Refresh->handle_render_partials_request('')
#2 C:\Users\91880\Local Sites\uniform-manufactures\app\public\wp-includes\class-wp-hook.php(348): WP_Hook->apply_filters(NULL, Array)
#3 C:\Users\91880\Local Sites\uniform-manufactures\app\public\wp-includes\plugin.php(517): WP_Hook->do_action(Array)
#4 C:\Users\91880\Local Sites\uniform-manufactures\app\public\wp-includes\template-loader.php(13): do_action('template_redire...')
#5 C:\Users\91880\Local Sites\uniform-manufactures\app\public\wp-blog-header.php(19): require_once('C:\\Users\\91880\\...')
#6 C:\Users\91880\Local Sites\uniform-manufactures\app\public\index.php(17): require('C:\\Users\\91880\\...')
#7 {main}
  thrown in C:\Users\91880\Local Sites\uniform-manufactures\app\public\wp-includes\customize\class-wp-customize-partial.php on line 222
[11-Nov-2024 05:52:54 UTC] PHP Warning:  Attempt to read property "post_status" on null in C:\Users\91880\Local Sites\uniform-manufactures\app\public\wp-content\plugins\elementor\core\base\document.php on line 1959
[11-Nov-2024 05:52:54 UTC] PHP Warning:  Attempt to read property "post_status" on null in C:\Users\91880\Local Sites\uniform-manufactures\app\public\wp-content\plugins\elementor\core\base\document.php on line 1968
[11-Nov-2024 05:52:54 UTC] PHP Warning:  Attempt to read property "post_status" on null in C:\Users\91880\Local Sites\uniform-manufactures\app\public\wp-content\plugins\elementor\core\base\document.php on line 1959
[11-Nov-2024 05:52:54 UTC] PHP Warning:  Attempt to read property "post_status" on null in C:\Users\91880\Local Sites\uniform-manufactures\app\public\wp-content\plugins\elementor\core\base\document.php on line 1968
[11-Nov-2024 05:52:54 UTC] PHP Warning:  Attempt to read property "post_status" on null in C:\Users\91880\Local Sites\uniform-manufactures\app\public\wp-content\plugins\elementor\core\base\document.php on line 1959
[11-Nov-2024 05:52:54 UTC] PHP Warning:  Attempt to read property "post_status" on null in C:\Users\91880\Local Sites\uniform-manufactures\app\public\wp-content\plugins\elementor\core\base\document.php on line 1968
[11-Nov-2024 05:52:54 UTC] PHP Warning:  Attempt to read property "post_status" on null in C:\Users\91880\Local Sites\uniform-manufactures\app\public\wp-content\plugins\elementor\core\base\document.php on line 1959
[11-Nov-2024 05:52:54 UTC] PHP Warning:  Attempt to read property "post_status" on null in C:\Users\91880\Local Sites\uniform-manufactures\app\public\wp-content\plugins\elementor\core\base\document.php on line 1968
[11-Nov-2024 05:52:55 UTC] PHP Warning:  Attempt to read property "post_status" on null in C:\Users\91880\Local Sites\uniform-manufactures\app\public\wp-content\plugins\elementor\core\base\document.php on line 1959
[11-Nov-2024 05:52:55 UTC] PHP Warning:  Attempt to read property "post_status" on null in C:\Users\91880\Local Sites\uniform-manufactures\app\public\wp-content\plugins\elementor\core\base\document.php on line 1968
[11-Nov-2024 05:52:55 UTC] PHP Warning:  Attempt to read property "post_status" on null in C:\Users\91880\Local Sites\uniform-manufactures\app\public\wp-content\plugins\elementor\core\base\document.php on line 1959
[11-Nov-2024 05:52:55 UTC] PHP Warning:  Attempt to read property "post_status" on null in C:\Users\91880\Local Sites\uniform-manufactures\app\public\wp-content\plugins\elementor\core\base\document.php on line 1968
[11-Nov-2024 05:52:55 UTC] PHP Warning:  Attempt to read property "post_status" on null in C:\Users\91880\Local Sites\uniform-manufactures\app\public\wp-content\plugins\elementor\core\base\document.php on line 1959
[11-Nov-2024 05:52:55 UTC] PHP Warning:  Attempt to read property "post_status" on null in C:\Users\91880\Local Sites\uniform-manufactures\app\public\wp-content\plugins\elementor\core\base\document.php on line 1968
[11-Nov-2024 05:57:51 UTC] PHP Warning:  Trying to access array offset on value of type bool in C:\Users\91880\Local Sites\uniform-manufactures\app\public\wp-content\plugins\woocommerce\includes\wc-template-functions.php on line 1627
[11-Nov-2024 05:57:51 UTC] PHP Warning:  Trying to access array offset on value of type bool in C:\Users\91880\Local Sites\uniform-manufactures\app\public\wp-content\plugins\woocommerce\includes\wc-template-functions.php on line 1628
[11-Nov-2024 05:57:51 UTC] PHP Warning:  Trying to access array offset on value of type bool in C:\Users\91880\Local Sites\uniform-manufactures\app\public\wp-content\plugins\woocommerce\includes\wc-template-functions.php on line 1629
[11-Nov-2024 05:57:51 UTC] PHP Warning:  Trying to access array offset on value of type bool in C:\Users\91880\Local Sites\uniform-manufactures\app\public\wp-content\plugins\woocommerce\includes\wc-template-functions.php on line 1630
[11-Nov-2024 05:57:51 UTC] PHP Warning:  Trying to access array offset on value of type bool in C:\Users\91880\Local Sites\uniform-manufactures\app\public\wp-content\plugins\woocommerce\includes\wc-template-functions.php on line 1639
[11-Nov-2024 05:57:51 UTC] PHP Warning:  Trying to access array offset on value of type bool in C:\Users\91880\Local Sites\uniform-manufactures\app\public\wp-content\plugins\woocommerce\includes\wc-template-functions.php on line 1639
[11-Nov-2024 05:58:00 UTC] PHP Warning:  Trying to access array offset on value of type bool in C:\Users\91880\Local Sites\uniform-manufactures\app\public\wp-content\plugins\woocommerce\includes\wc-template-functions.php on line 1627
[11-Nov-2024 05:58:00 UTC] PHP Warning:  Trying to access array offset on value of type bool in C:\Users\91880\Local Sites\uniform-manufactures\app\public\wp-content\plugins\woocommerce\includes\wc-template-functions.php on line 1628
[11-Nov-2024 05:58:00 UTC] PHP Warning:  Trying to access array offset on value of type bool in C:\Users\91880\Local Sites\uniform-manufactures\app\public\wp-content\plugins\woocommerce\includes\wc-template-functions.php on line 1629
[11-Nov-2024 05:58:00 UTC] PHP Warning:  Trying to access array offset on value of type bool in C:\Users\91880\Local Sites\uniform-manufactures\app\public\wp-content\plugins\woocommerce\includes\wc-template-functions.php on line 1630
[11-Nov-2024 05:58:00 UTC] PHP Warning:  Trying to access array offset on value of type bool in C:\Users\91880\Local Sites\uniform-manufactures\app\public\wp-content\plugins\woocommerce\includes\wc-template-functions.php on line 1639
[11-Nov-2024 05:58:00 UTC] PHP Warning:  Trying to access array offset on value of type bool in C:\Users\91880\Local Sites\uniform-manufactures\app\public\wp-content\plugins\woocommerce\includes\wc-template-functions.php on line 1639
[11-Nov-2024 06:00:05 UTC] PHP Fatal error:  Uncaught TypeError: call_user_func(): Argument #1 ($callback) must be a valid callback, function "education_insight_customize_partial_education_insight_footer_text" not found or invalid function name in C:\Users\91880\Local Sites\uniform-manufactures\app\public\wp-includes\customize\class-wp-customize-partial.php:222
Stack trace:
#0 C:\Users\91880\Local Sites\uniform-manufactures\app\public\wp-includes\customize\class-wp-customize-selective-refresh.php(372): WP_Customize_Partial->render(Array)
#1 C:\Users\91880\Local Sites\uniform-manufactures\app\public\wp-includes\class-wp-hook.php(324): WP_Customize_Selective_Refresh->handle_render_partials_request('')
#2 C:\Users\91880\Local Sites\uniform-manufactures\app\public\wp-includes\class-wp-hook.php(348): WP_Hook->apply_filters(NULL, Array)
#3 C:\Users\91880\Local Sites\uniform-manufactures\app\public\wp-includes\plugin.php(517): WP_Hook->do_action(Array)
#4 C:\Users\91880\Local Sites\uniform-manufactures\app\public\wp-includes\template-loader.php(13): do_action('template_redire...')
#5 C:\Users\91880\Local Sites\uniform-manufactures\app\public\wp-blog-header.php(19): require_once('C:\\Users\\91880\\...')
#6 C:\Users\91880\Local Sites\uniform-manufactures\app\public\index.php(17): require('C:\\Users\\91880\\...')
#7 {main}
  thrown in C:\Users\91880\Local Sites\uniform-manufactures\app\public\wp-includes\customize\class-wp-customize-partial.php on line 222
[11-Nov-2024 06:00:06 UTC] PHP Fatal error:  Uncaught TypeError: call_user_func(): Argument #1 ($callback) must be a valid callback, function "education_insight_customize_partial_education_insight_footer_text" not found or invalid function name in C:\Users\91880\Local Sites\uniform-manufactures\app\public\wp-includes\customize\class-wp-customize-partial.php:222
Stack trace:
#0 C:\Users\91880\Local Sites\uniform-manufactures\app\public\wp-includes\customize\class-wp-customize-selective-refresh.php(372): WP_Customize_Partial->render(Array)
#1 C:\Users\91880\Local Sites\uniform-manufactures\app\public\wp-includes\class-wp-hook.php(324): WP_Customize_Selective_Refresh->handle_render_partials_request('')
#2 C:\Users\91880\Local Sites\uniform-manufactures\app\public\wp-includes\class-wp-hook.php(348): WP_Hook->apply_filters(NULL, Array)
#3 C:\Users\91880\Local Sites\uniform-manufactures\app\public\wp-includes\plugin.php(517): WP_Hook->do_action(Array)
#4 C:\Users\91880\Local Sites\uniform-manufactures\app\public\wp-includes\template-loader.php(13): do_action('template_redire...')
#5 C:\Users\91880\Local Sites\uniform-manufactures\app\public\wp-blog-header.php(19): require_once('C:\\Users\\91880\\...')
#6 C:\Users\91880\Local Sites\uniform-manufactures\app\public\index.php(17): require('C:\\Users\\91880\\...')
#7 {main}
  thrown in C:\Users\91880\Local Sites\uniform-manufactures\app\public\wp-includes\customize\class-wp-customize-partial.php on line 222
[11-Nov-2024 06:00:08 UTC] PHP Fatal error:  Uncaught TypeError: call_user_func(): Argument #1 ($callback) must be a valid callback, function "education_insight_customize_partial_education_insight_footer_text" not found or invalid function name in C:\Users\91880\Local Sites\uniform-manufactures\app\public\wp-includes\customize\class-wp-customize-partial.php:222
Stack trace:
#0 C:\Users\91880\Local Sites\uniform-manufactures\app\public\wp-includes\customize\class-wp-customize-selective-refresh.php(372): WP_Customize_Partial->render(Array)
#1 C:\Users\91880\Local Sites\uniform-manufactures\app\public\wp-includes\class-wp-hook.php(324): WP_Customize_Selective_Refresh->handle_render_partials_request('')
#2 C:\Users\91880\Local Sites\uniform-manufactures\app\public\wp-includes\class-wp-hook.php(348): WP_Hook->apply_filters(NULL, Array)
#3 C:\Users\91880\Local Sites\uniform-manufactures\app\public\wp-includes\plugin.php(517): WP_Hook->do_action(Array)
#4 C:\Users\91880\Local Sites\uniform-manufactures\app\public\wp-includes\template-loader.php(13): do_action('template_redire...')
#5 C:\Users\91880\Local Sites\uniform-manufactures\app\public\wp-blog-header.php(19): require_once('C:\\Users\\91880\\...')
#6 C:\Users\91880\Local Sites\uniform-manufactures\app\public\index.php(17): require('C:\\Users\\91880\\...')
#7 {main}
  thrown in C:\Users\91880\Local Sites\uniform-manufactures\app\public\wp-includes\customize\class-wp-customize-partial.php on line 222
[11-Nov-2024 06:00:09 UTC] PHP Fatal error:  Uncaught TypeError: call_user_func(): Argument #1 ($callback) must be a valid callback, function "education_insight_customize_partial_education_insight_footer_text" not found or invalid function name in C:\Users\91880\Local Sites\uniform-manufactures\app\public\wp-includes\customize\class-wp-customize-partial.php:222
Stack trace:
#0 C:\Users\91880\Local Sites\uniform-manufactures\app\public\wp-includes\customize\class-wp-customize-selective-refresh.php(372): WP_Customize_Partial->render(Array)
#1 C:\Users\91880\Local Sites\uniform-manufactures\app\public\wp-includes\class-wp-hook.php(324): WP_Customize_Selective_Refresh->handle_render_partials_request('')
#2 C:\Users\91880\Local Sites\uniform-manufactures\app\public\wp-includes\class-wp-hook.php(348): WP_Hook->apply_filters(NULL, Array)
#3 C:\Users\91880\Local Sites\uniform-manufactures\app\public\wp-includes\plugin.php(517): WP_Hook->do_action(Array)
#4 C:\Users\91880\Local Sites\uniform-manufactures\app\public\wp-includes\template-loader.php(13): do_action('template_redire...')
#5 C:\Users\91880\Local Sites\uniform-manufactures\app\public\wp-blog-header.php(19): require_once('C:\\Users\\91880\\...')
#6 C:\Users\91880\Local Sites\uniform-manufactures\app\public\index.php(17): require('C:\\Users\\91880\\...')
#7 {main}
  thrown in C:\Users\91880\Local Sites\uniform-manufactures\app\public\wp-includes\customize\class-wp-customize-partial.php on line 222
[11-Nov-2024 06:00:10 UTC] PHP Fatal error:  Uncaught TypeError: call_user_func(): Argument #1 ($callback) must be a valid callback, function "education_insight_customize_partial_education_insight_footer_text" not found or invalid function name in C:\Users\91880\Local Sites\uniform-manufactures\app\public\wp-includes\customize\class-wp-customize-partial.php:222
Stack trace:
#0 C:\Users\91880\Local Sites\uniform-manufactures\app\public\wp-includes\customize\class-wp-customize-selective-refresh.php(372): WP_Customize_Partial->render(Array)
#1 C:\Users\91880\Local Sites\uniform-manufactures\app\public\wp-includes\class-wp-hook.php(324): WP_Customize_Selective_Refresh->handle_render_partials_request('')
#2 C:\Users\91880\Local Sites\uniform-manufactures\app\public\wp-includes\class-wp-hook.php(348): WP_Hook->apply_filters(NULL, Array)
#3 C:\Users\91880\Local Sites\uniform-manufactures\app\public\wp-includes\plugin.php(517): WP_Hook->do_action(Array)
#4 C:\Users\91880\Local Sites\uniform-manufactures\app\public\wp-includes\template-loader.php(13): do_action('template_redire...')
#5 C:\Users\91880\Local Sites\uniform-manufactures\app\public\wp-blog-header.php(19): require_once('C:\\Users\\91880\\...')
#6 C:\Users\91880\Local Sites\uniform-manufactures\app\public\index.php(17): require('C:\\Users\\91880\\...')
#7 {main}
  thrown in C:\Users\91880\Local Sites\uniform-manufactures\app\public\wp-includes\customize\class-wp-customize-partial.php on line 222
[11-Nov-2024 06:00:11 UTC] PHP Fatal error:  Uncaught TypeError: call_user_func(): Argument #1 ($callback) must be a valid callback, function "education_insight_customize_partial_education_insight_footer_text" not found or invalid function name in C:\Users\91880\Local Sites\uniform-manufactures\app\public\wp-includes\customize\class-wp-customize-partial.php:222
Stack trace:
#0 C:\Users\91880\Local Sites\uniform-manufactures\app\public\wp-includes\customize\class-wp-customize-selective-refresh.php(372): WP_Customize_Partial->render(Array)
#1 C:\Users\91880\Local Sites\uniform-manufactures\app\public\wp-includes\class-wp-hook.php(324): WP_Customize_Selective_Refresh->handle_render_partials_request('')
#2 C:\Users\91880\Local Sites\uniform-manufactures\app\public\wp-includes\class-wp-hook.php(348): WP_Hook->apply_filters(NULL, Array)
#3 C:\Users\91880\Local Sites\uniform-manufactures\app\public\wp-includes\plugin.php(517): WP_Hook->do_action(Array)
#4 C:\Users\91880\Local Sites\uniform-manufactures\app\public\wp-includes\template-loader.php(13): do_action('template_redire...')
#5 C:\Users\91880\Local Sites\uniform-manufactures\app\public\wp-blog-header.php(19): require_once('C:\\Users\\91880\\...')
#6 C:\Users\91880\Local Sites\uniform-manufactures\app\public\index.php(17): require('C:\\Users\\91880\\...')
#7 {main}
  thrown in C:\Users\91880\Local Sites\uniform-manufactures\app\public\wp-includes\customize\class-wp-customize-partial.php on line 222
[13-Nov-2024 04:54:16 UTC] [Image Optimizer]: info in ImageOptimization\Modules\Core\Components\Migrations->run_migration(): The migration `fix_optimized_size_keys` successfully executed.
[13-Nov-2024 04:54:21 UTC] [Image Optimizer]: info in ImageOptimization\Modules\ConnectManager\Components\Connect->get_connect_status(): Status check error. Reason: User is not connected
[13-Nov-2024 04:55:19 UTC] [Image Optimizer]: info in ImageOptimization\Modules\Core\Components\Migrations->run_migration(): The migration `fix_mime_type` successfully executed.
[13-Nov-2024 04:55:19 UTC] [Image Optimizer]: info in ImageOptimization\Modules\Core\Components\Migrations->run_migration(): The migration `fix_avif_with_zero_dimensions` successfully executed.
[13-Nov-2024 05:01:56 UTC] [Image Optimizer]: info in ImageOptimization\Modules\ConnectManager\Components\Connect->get_connect_status(): Status check error. Reason: User is not connected
[13-Nov-2024 05:02:46 UTC] [Image Optimizer]: info in ImageOptimization\Modules\ConnectManager\Components\Connect->get_connect_status(): Status check error. Reason: User is not connected
[13-Nov-2024 05:03:11 UTC] [Image Optimizer]: info in ImageOptimization\Modules\ConnectManager\Components\Connect->get_connect_status(): Status check error. Reason: User is not connected
[13-Nov-2024 05:06:00 UTC] [Image Optimizer]: info in ImageOptimization\Modules\ConnectManager\Components\Connect->get_connect_status(): Status check error. Reason: User is not connected
[13-Nov-2024 05:07:06 UTC] [Image Optimizer]: info in ImageOptimization\Modules\ConnectManager\Components\Connect->get_connect_status(): Status check error. Reason: User is not connected
[13-Nov-2024 05:08:08 UTC] [Image Optimizer]: info in ImageOptimization\Modules\ConnectManager\Components\Connect->get_connect_status(): Status check error. Reason: User is not connected
[13-Nov-2024 05:08:58 UTC] [Image Optimizer]: info in ImageOptimization\Modules\ConnectManager\Components\Connect->get_connect_status(): Status check error. Reason: User is not connected
[13-Nov-2024 05:16:33 UTC] [Image Optimizer]: info in ImageOptimization\Modules\ConnectManager\Components\Connect->get_connect_status(): Status check error. Reason: User is not connected
[13-Nov-2024 05:16:38 UTC] [Image Optimizer]: info in ImageOptimization\Modules\ConnectManager\Components\Connect->get_connect_status(): Status check error. Reason: User is not connected
[13-Nov-2024 05:16:58 UTC] [Image Optimizer]: info in ImageOptimization\Modules\ConnectManager\Components\Connect->get_connect_status(): Status check error. Reason: User is not connected
[13-Nov-2024 05:17:03 UTC] [Image Optimizer]: info in ImageOptimization\Modules\ConnectManager\Components\Connect->get_connect_status(): Status check error. Reason: User is not connected
[13-Nov-2024 05:28:16 UTC] [Image Optimizer]: info in ImageOptimization\Modules\ConnectManager\Components\Connect->get_connect_status(): Status check error. Reason: User is not connected
[13-Nov-2024 05:28:47 UTC] [Image Optimizer]: info in ImageOptimization\Modules\ConnectManager\Components\Connect->get_connect_status(): Status check error. Reason: User is not connected
[13-Nov-2024 05:33:21 UTC] [Image Optimizer]: info in ImageOptimization\Modules\ConnectManager\Components\Connect->get_connect_status(): Status check error. Reason: User is not connected
[13-Nov-2024 05:39:41 UTC] [Image Optimizer]: info in ImageOptimization\Modules\ConnectManager\Components\Connect->get_connect_status(): Status check error. Reason: User is not connected
[13-Nov-2024 05:39:46 UTC] [Image Optimizer]: info in ImageOptimization\Modules\ConnectManager\Components\Connect->get_connect_status(): Status check error. Reason: User is not connected
[13-Nov-2024 05:39:55 UTC] [Image Optimizer]: info in ImageOptimization\Modules\ConnectManager\Components\Connect->get_connect_status(): Status check error. Reason: User is not connected
[13-Nov-2024 05:40:00 UTC] [Image Optimizer]: info in ImageOptimization\Modules\ConnectManager\Components\Connect->get_connect_status(): Status check error. Reason: User is not connected
[13-Nov-2024 05:40:05 UTC] [Image Optimizer]: info in ImageOptimization\Modules\ConnectManager\Components\Connect->get_connect_status(): Status check error. Reason: User is not connected
[13-Nov-2024 05:40:10 UTC] [Image Optimizer]: info in ImageOptimization\Modules\ConnectManager\Components\Connect->get_connect_status(): Status check error. Reason: User is not connected
[13-Nov-2024 05:42:28 UTC] [Image Optimizer]: info in ImageOptimization\Modules\ConnectManager\Components\Connect->get_connect_status(): Status check error. Reason: User is not connected
[13-Nov-2024 05:42:33 UTC] [Image Optimizer]: info in ImageOptimization\Modules\ConnectManager\Components\Connect->get_connect_status(): Status check error. Reason: User is not connected
[13-Nov-2024 05:42:39 UTC] [Image Optimizer]: info in ImageOptimization\Modules\ConnectManager\Components\Connect->get_connect_status(): Status check error. Reason: User is not connected
[13-Nov-2024 05:42:43 UTC] [Image Optimizer]: info in ImageOptimization\Modules\ConnectManager\Components\Connect->get_connect_status(): Status check error. Reason: User is not connected
[13-Nov-2024 05:42:48 UTC] [Image Optimizer]: info in ImageOptimization\Modules\ConnectManager\Components\Connect->get_connect_status(): Status check error. Reason: User is not connected
[13-Nov-2024 05:42:53 UTC] [Image Optimizer]: info in ImageOptimization\Modules\ConnectManager\Components\Connect->get_connect_status(): Status check error. Reason: User is not connected
[13-Nov-2024 05:42:58 UTC] [Image Optimizer]: info in ImageOptimization\Modules\ConnectManager\Components\Connect->get_connect_status(): Status check error. Reason: User is not connected
[13-Nov-2024 05:43:03 UTC] [Image Optimizer]: info in ImageOptimization\Modules\ConnectManager\Components\Connect->get_connect_status(): Status check error. Reason: User is not connected
[13-Nov-2024 05:43:08 UTC] [Image Optimizer]: info in ImageOptimization\Modules\ConnectManager\Components\Connect->get_connect_status(): Status check error. Reason: User is not connected
[13-Nov-2024 05:43:13 UTC] [Image Optimizer]: info in ImageOptimization\Modules\ConnectManager\Components\Connect->get_connect_status(): Status check error. Reason: User is not connected
[13-Nov-2024 05:43:18 UTC] [Image Optimizer]: info in ImageOptimization\Modules\ConnectManager\Components\Connect->get_connect_status(): Status check error. Reason: User is not connected
[19-Nov-2024 04:48:41 UTC] Cron reschedule event error for hook: action_scheduler_run_queue, Error code: invalid_schedule, Error message: Event schedule does not exist., Data: {"schedule":"every_minute","args":["WP Cron"],"interval":60}
[19-Nov-2024 11:35:09 UTC] PHP Fatal error:  Uncaught TypeError: call_user_func(): Argument #1 ($callback) must be a valid callback, function "education_insight_customize_partial_education_insight_admission_text" not found or invalid function name in C:\Users\91880\Local Sites\uniform-manufactures\app\public\wp-includes\customize\class-wp-customize-partial.php:222
Stack trace:
#0 C:\Users\91880\Local Sites\uniform-manufactures\app\public\wp-includes\customize\class-wp-customize-selective-refresh.php(372): WP_Customize_Partial->render(Array)
#1 C:\Users\91880\Local Sites\uniform-manufactures\app\public\wp-includes\class-wp-hook.php(324): WP_Customize_Selective_Refresh->handle_render_partials_request('')
#2 C:\Users\91880\Local Sites\uniform-manufactures\app\public\wp-includes\class-wp-hook.php(348): WP_Hook->apply_filters(NULL, Array)
#3 C:\Users\91880\Local Sites\uniform-manufactures\app\public\wp-includes\plugin.php(517): WP_Hook->do_action(Array)
#4 C:\Users\91880\Local Sites\uniform-manufactures\app\public\wp-includes\template-loader.php(13): do_action('template_redire...')
#5 C:\Users\91880\Local Sites\uniform-manufactures\app\public\wp-blog-header.php(19): require_once('C:\\Users\\91880\\...')
#6 C:\Users\91880\Local Sites\uniform-manufactures\app\public\index.php(17): require('C:\\Users\\91880\\...')
#7 {main}
  thrown in C:\Users\91880\Local Sites\uniform-manufactures\app\public\wp-includes\customize\class-wp-customize-partial.php on line 222
[19-Nov-2024 11:35:13 UTC] PHP Fatal error:  Uncaught TypeError: call_user_func(): Argument #1 ($callback) must be a valid callback, function "education_insight_customize_partial_education_insight_admission_text" not found or invalid function name in C:\Users\91880\Local Sites\uniform-manufactures\app\public\wp-includes\customize\class-wp-customize-partial.php:222
Stack trace:
#0 C:\Users\91880\Local Sites\uniform-manufactures\app\public\wp-includes\customize\class-wp-customize-selective-refresh.php(372): WP_Customize_Partial->render(Array)
#1 C:\Users\91880\Local Sites\uniform-manufactures\app\public\wp-includes\class-wp-hook.php(324): WP_Customize_Selective_Refresh->handle_render_partials_request('')
#2 C:\Users\91880\Local Sites\uniform-manufactures\app\public\wp-includes\class-wp-hook.php(348): WP_Hook->apply_filters(NULL, Array)
#3 C:\Users\91880\Local Sites\uniform-manufactures\app\public\wp-includes\plugin.php(517): WP_Hook->do_action(Array)
#4 C:\Users\91880\Local Sites\uniform-manufactures\app\public\wp-includes\template-loader.php(13): do_action('template_redire...')
#5 C:\Users\91880\Local Sites\uniform-manufactures\app\public\wp-blog-header.php(19): require_once('C:\\Users\\91880\\...')
#6 C:\Users\91880\Local Sites\uniform-manufactures\app\public\index.php(17): require('C:\\Users\\91880\\...')
#7 {main}
  thrown in C:\Users\91880\Local Sites\uniform-manufactures\app\public\wp-includes\customize\class-wp-customize-partial.php on line 222
[19-Nov-2024 11:35:13 UTC] PHP Fatal error:  Uncaught TypeError: call_user_func(): Argument #1 ($callback) must be a valid callback, function "education_insight_customize_partial_education_insight_admission_text" not found or invalid function name in C:\Users\91880\Local Sites\uniform-manufactures\app\public\wp-includes\customize\class-wp-customize-partial.php:222
Stack trace:
#0 C:\Users\91880\Local Sites\uniform-manufactures\app\public\wp-includes\customize\class-wp-customize-selective-refresh.php(372): WP_Customize_Partial->render(Array)
#1 C:\Users\91880\Local Sites\uniform-manufactures\app\public\wp-includes\class-wp-hook.php(324): WP_Customize_Selective_Refresh->handle_render_partials_request('')
#2 C:\Users\91880\Local Sites\uniform-manufactures\app\public\wp-includes\class-wp-hook.php(348): WP_Hook->apply_filters(NULL, Array)
#3 C:\Users\91880\Local Sites\uniform-manufactures\app\public\wp-includes\plugin.php(517): WP_Hook->do_action(Array)
#4 C:\Users\91880\Local Sites\uniform-manufactures\app\public\wp-includes\template-loader.php(13): do_action('template_redire...')
#5 C:\Users\91880\Local Sites\uniform-manufactures\app\public\wp-blog-header.php(19): require_once('C:\\Users\\91880\\...')
#6 C:\Users\91880\Local Sites\uniform-manufactures\app\public\index.php(17): require('C:\\Users\\91880\\...')
#7 {main}
  thrown in C:\Users\91880\Local Sites\uniform-manufactures\app\public\wp-includes\customize\class-wp-customize-partial.php on line 222
[27-Nov-2024 08:42:07 UTC] [Image Optimizer]: info in ImageOptimization\Modules\ConnectManager\Components\Connect->get_connect_status(): Status check error. Reason: User is not connected
[27-Nov-2024 08:42:29 UTC] [Image Optimizer]: info in ImageOptimization\Modules\ConnectManager\Components\Connect->get_connect_status(): Status check error. Reason: User is not connected
[27-Nov-2024 09:15:22 UTC] [Image Optimizer]: info in ImageOptimization\Modules\ConnectManager\Components\Connect->get_connect_status(): Status check error. Reason: User is not connected
[27-Nov-2024 09:16:08 UTC] [Image Optimizer]: info in ImageOptimization\Modules\ConnectManager\Components\Connect->get_connect_status(): Status check error. Reason: User is not connected
[27-Nov-2024 09:22:03 UTC] [Image Optimizer]: info in ImageOptimization\Modules\Optimization\Classes\Optimize_Image->optimize(): Start optimization of 871
[27-Nov-2024 09:22:13 UTC] [Image Optimizer]: info in ImageOptimization\Modules\Optimization\Classes\Optimize_Image->optimize(): End optimization of 871
[27-Nov-2024 09:22:34 UTC] [Image Optimizer]: info in ImageOptimization\Modules\Optimization\Classes\Optimize_Image->optimize(): Start optimization of 869
[27-Nov-2024 09:22:40 UTC] [Image Optimizer]: error in ImageOptimization\Modules\Optimization\Components\Bulk_Optimization->optimize_bulk(): Optimization error. Reason: Optimized image failed
[27-Nov-2024 09:22:40 UTC] [Image Optimizer]: info in ImageOptimization\Modules\Optimization\Classes\Optimize_Image->optimize(): Start optimization of 867
[27-Nov-2024 09:22:49 UTC] [Image Optimizer]: info in ImageOptimization\Modules\Optimization\Classes\Optimize_Image->optimize(): End optimization of 867
[27-Nov-2024 09:22:54 UTC] [Image Optimizer]: info in ImageOptimization\Modules\Optimization\Classes\Optimize_Image->optimize(): Start optimization of 856
[27-Nov-2024 09:23:05 UTC] [Image Optimizer]: info in ImageOptimization\Modules\Optimization\Classes\Optimize_Image->optimize(): End optimization of 856
[27-Nov-2024 09:23:12 UTC] [Image Optimizer]: info in ImageOptimization\Modules\Optimization\Classes\Optimize_Image->optimize(): Start optimization of 854
[27-Nov-2024 09:23:27 UTC] [Image Optimizer]: info in ImageOptimization\Modules\Optimization\Classes\Optimize_Image->optimize(): End optimization of 854
[27-Nov-2024 09:23:27 UTC] [Image Optimizer]: info in ImageOptimization\Modules\Optimization\Classes\Optimize_Image->optimize(): Start optimization of 852
[27-Nov-2024 09:23:36 UTC] [Image Optimizer]: info in ImageOptimization\Modules\Optimization\Classes\Optimize_Image->optimize(): End optimization of 852
[27-Nov-2024 09:23:43 UTC] [Image Optimizer]: info in ImageOptimization\Modules\Optimization\Classes\Optimize_Image->optimize(): Start optimization of 851
[27-Nov-2024 09:23:52 UTC] [Image Optimizer]: info in ImageOptimization\Modules\Optimization\Classes\Optimize_Image->optimize(): End optimization of 851
[27-Nov-2024 09:23:59 UTC] [Image Optimizer]: info in ImageOptimization\Modules\Optimization\Classes\Optimize_Image->optimize(): Start optimization of 850
[27-Nov-2024 09:24:10 UTC] [Image Optimizer]: info in ImageOptimization\Modules\Optimization\Classes\Optimize_Image->optimize(): End optimization of 850
[27-Nov-2024 09:24:15 UTC] [Image Optimizer]: info in ImageOptimization\Modules\Optimization\Classes\Optimize_Image->optimize(): Start optimization of 828
[27-Nov-2024 09:24:23 UTC] [Image Optimizer]: error in ImageOptimization\Modules\Optimization\Components\Bulk_Optimization->optimize_bulk(): Optimization error. Reason: Optimized image failed
[27-Nov-2024 09:24:23 UTC] [Image Optimizer]: info in ImageOptimization\Modules\Optimization\Classes\Optimize_Image->optimize(): Start optimization of 827
[27-Nov-2024 09:24:48 UTC] [Image Optimizer]: info in ImageOptimization\Modules\Optimization\Classes\Optimize_Image->optimize(): End optimization of 827
[27-Nov-2024 09:24:55 UTC] [Image Optimizer]: info in ImageOptimization\Modules\Optimization\Classes\Optimize_Image->optimize(): Start optimization of 826
[27-Nov-2024 09:25:19 UTC] [Image Optimizer]: info in ImageOptimization\Modules\Optimization\Classes\Optimize_Image->optimize(): End optimization of 826
[27-Nov-2024 09:25:25 UTC] [Image Optimizer]: info in ImageOptimization\Modules\Optimization\Classes\Optimize_Image->optimize(): Start optimization of 825
[27-Nov-2024 09:25:36 UTC] [Image Optimizer]: error in ImageOptimization\Modules\Optimization\Components\Bulk_Optimization->optimize_bulk(): Optimization error. Reason: Optimized image failed
[27-Nov-2024 09:25:42 UTC] [Image Optimizer]: info in ImageOptimization\Modules\Optimization\Classes\Optimize_Image->optimize(): Start optimization of 815
[27-Nov-2024 09:25:48 UTC] [Image Optimizer]: info in ImageOptimization\Modules\Optimization\Classes\Optimize_Image->optimize(): End optimization of 815
[27-Nov-2024 09:25:48 UTC] [Image Optimizer]: info in ImageOptimization\Modules\Optimization\Classes\Optimize_Image->optimize(): Start optimization of 808
[27-Nov-2024 09:26:08 UTC] [Image Optimizer]: info in ImageOptimization\Modules\Optimization\Classes\Optimize_Image->optimize(): End optimization of 808
[27-Nov-2024 09:26:13 UTC] [Image Optimizer]: info in ImageOptimization\Modules\Optimization\Classes\Optimize_Image->optimize(): Start optimization of 804
[27-Nov-2024 09:26:38 UTC] [Image Optimizer]: info in ImageOptimization\Modules\Optimization\Classes\Optimize_Image->optimize(): End optimization of 804
[27-Nov-2024 09:26:45 UTC] [Image Optimizer]: info in ImageOptimization\Modules\Optimization\Classes\Optimize_Image->optimize(): Start optimization of 800
[27-Nov-2024 09:27:07 UTC] [Image Optimizer]: info in ImageOptimization\Modules\Optimization\Classes\Optimize_Image->optimize(): End optimization of 800
[27-Nov-2024 09:27:13 UTC] [Image Optimizer]: info in ImageOptimization\Modules\Optimization\Classes\Optimize_Image->optimize(): Start optimization of 781
[27-Nov-2024 09:27:25 UTC] [Image Optimizer]: error in ImageOptimization\Modules\Optimization\Components\Bulk_Optimization->optimize_bulk(): Optimization error. Reason: Optimized image failed
[27-Nov-2024 09:28:07 UTC] [Image Optimizer]: info in ImageOptimization\Modules\Optimization\Classes\Optimize_Image->optimize(): Start optimization of 690
[27-Nov-2024 09:28:29 UTC] [Image Optimizer]: info in ImageOptimization\Modules\Optimization\Classes\Optimize_Image->optimize(): End optimization of 690
[27-Nov-2024 09:29:04 UTC] [Image Optimizer]: info in ImageOptimization\Modules\Optimization\Classes\Optimize_Image->optimize(): Start optimization of 671
[27-Nov-2024 09:29:19 UTC] [Image Optimizer]: info in ImageOptimization\Modules\Optimization\Classes\Optimize_Image->optimize(): End optimization of 671
[27-Nov-2024 09:30:02 UTC] [Image Optimizer]: info in ImageOptimization\Modules\Optimization\Classes\Optimize_Image->optimize(): Start optimization of 670
[27-Nov-2024 09:30:10 UTC] [Image Optimizer]: info in ImageOptimization\Modules\Optimization\Classes\Optimize_Image->optimize(): End optimization of 670
[27-Nov-2024 09:30:10 UTC] [Image Optimizer]: info in ImageOptimization\Modules\Optimization\Classes\Optimize_Image->optimize(): Start optimization of 669
[27-Nov-2024 09:30:14 UTC] [Image Optimizer]: info in ImageOptimization\Modules\Optimization\Classes\Optimize_Image->optimize(): End optimization of 669
[27-Nov-2024 09:30:14 UTC] [Image Optimizer]: info in ImageOptimization\Modules\Optimization\Classes\Optimize_Image->optimize(): Start optimization of 666
[27-Nov-2024 09:30:22 UTC] [Image Optimizer]: info in ImageOptimization\Modules\Optimization\Classes\Optimize_Image->optimize(): End optimization of 666
[27-Nov-2024 09:30:23 UTC] [Image Optimizer]: info in ImageOptimization\Modules\Optimization\Classes\Optimize_Image->optimize(): Start optimization of 665
[27-Nov-2024 09:30:27 UTC] [Image Optimizer]: info in ImageOptimization\Modules\Optimization\Classes\Optimize_Image->optimize(): End optimization of 665
[27-Nov-2024 09:30:27 UTC] [Image Optimizer]: info in ImageOptimization\Modules\Optimization\Classes\Optimize_Image->optimize(): Start optimization of 664
[27-Nov-2024 09:30:35 UTC] [Image Optimizer]: info in ImageOptimization\Modules\Optimization\Classes\Optimize_Image->optimize(): End optimization of 664
[27-Nov-2024 09:30:41 UTC] [Image Optimizer]: info in ImageOptimization\Modules\Optimization\Classes\Optimize_Image->optimize(): Start optimization of 663
[27-Nov-2024 09:30:44 UTC] [Image Optimizer]: info in ImageOptimization\Modules\Optimization\Classes\Optimize_Image->optimize(): End optimization of 663
[27-Nov-2024 09:30:44 UTC] [Image Optimizer]: info in ImageOptimization\Modules\Optimization\Classes\Optimize_Image->optimize(): Start optimization of 660
[27-Nov-2024 09:30:49 UTC] [Image Optimizer]: info in ImageOptimization\Modules\Optimization\Classes\Optimize_Image->optimize(): End optimization of 660
[27-Nov-2024 09:30:49 UTC] [Image Optimizer]: info in ImageOptimization\Modules\Optimization\Classes\Optimize_Image->optimize(): Start optimization of 656
[27-Nov-2024 09:30:53 UTC] [Image Optimizer]: info in ImageOptimization\Modules\Optimization\Classes\Optimize_Image->optimize(): End optimization of 656
[27-Nov-2024 09:30:53 UTC] [Image Optimizer]: info in ImageOptimization\Modules\Optimization\Classes\Optimize_Image->optimize(): Start optimization of 655
[27-Nov-2024 09:31:02 UTC] [Image Optimizer]: info in ImageOptimization\Modules\Optimization\Classes\Optimize_Image->optimize(): End optimization of 655
[27-Nov-2024 09:31:09 UTC] [Image Optimizer]: info in ImageOptimization\Modules\Optimization\Classes\Optimize_Image->optimize(): Start optimization of 653
[27-Nov-2024 09:31:17 UTC] [Image Optimizer]: info in ImageOptimization\Modules\Optimization\Classes\Optimize_Image->optimize(): End optimization of 653
[27-Nov-2024 09:31:23 UTC] [Image Optimizer]: info in ImageOptimization\Modules\Optimization\Classes\Optimize_Image->optimize(): Start optimization of 650
[27-Nov-2024 09:31:33 UTC] [Image Optimizer]: info in ImageOptimization\Modules\Optimization\Classes\Optimize_Image->optimize(): End optimization of 650
[27-Nov-2024 09:32:04 UTC] [Image Optimizer]: info in ImageOptimization\Modules\Optimization\Classes\Optimize_Image->optimize(): Start optimization of 869
[27-Nov-2024 09:32:04 UTC] [Image Optimizer]: info in ImageOptimization\Modules\Optimization\Classes\Optimize_Image->optimize(): Size `full` is already optimized
[27-Nov-2024 09:32:04 UTC] [Image Optimizer]: info in ImageOptimization\Modules\Optimization\Classes\Optimize_Image->optimize(): Size `medium` is already optimized
[27-Nov-2024 09:32:04 UTC] [Image Optimizer]: info in ImageOptimization\Modules\Optimization\Classes\Optimize_Image->optimize(): Size `thumbnail` is already optimized
[27-Nov-2024 09:32:07 UTC] [Image Optimizer]: info in ImageOptimization\Modules\Optimization\Classes\Optimize_Image->optimize(): End optimization of 869
[27-Nov-2024 09:32:07 UTC] [Image Optimizer]: info in ImageOptimization\Modules\Optimization\Classes\Optimize_Image->optimize(): Start optimization of 828
[27-Nov-2024 09:32:07 UTC] [Image Optimizer]: info in ImageOptimization\Modules\Optimization\Classes\Optimize_Image->optimize(): Size `full` is already optimized
[27-Nov-2024 09:32:07 UTC] [Image Optimizer]: info in ImageOptimization\Modules\Optimization\Classes\Optimize_Image->optimize(): Size `medium` is already optimized
[27-Nov-2024 09:32:26 UTC] [Image Optimizer]: info in ImageOptimization\Modules\Optimization\Classes\Optimize_Image->optimize(): End optimization of 828
[27-Nov-2024 09:32:40 UTC] [Image Optimizer]: info in ImageOptimization\Modules\Optimization\Classes\Optimize_Image->optimize(): Start optimization of 825
[27-Nov-2024 09:32:40 UTC] [Image Optimizer]: info in ImageOptimization\Modules\Optimization\Classes\Optimize_Image->optimize(): Size `full` is already optimized
[27-Nov-2024 09:32:40 UTC] [Image Optimizer]: info in ImageOptimization\Modules\Optimization\Classes\Optimize_Image->optimize(): Size `medium` is already optimized
[27-Nov-2024 09:32:40 UTC] [Image Optimizer]: info in ImageOptimization\Modules\Optimization\Classes\Optimize_Image->optimize(): Size `large` is already optimized
[27-Nov-2024 09:32:40 UTC] [Image Optimizer]: info in ImageOptimization\Modules\Optimization\Classes\Optimize_Image->optimize(): Size `thumbnail` is already optimized
[27-Nov-2024 09:32:40 UTC] [Image Optimizer]: info in ImageOptimization\Modules\Optimization\Classes\Optimize_Image->optimize(): Size `medium_large` is already optimized
[27-Nov-2024 09:32:46 UTC] [Image Optimizer]: info in ImageOptimization\Modules\Optimization\Classes\Optimize_Image->optimize(): End optimization of 825
[27-Nov-2024 09:34:02 UTC] [Image Optimizer]: info in ImageOptimization\Modules\Optimization\Classes\Optimize_Image->optimize(): Start optimization of 781
[27-Nov-2024 09:34:02 UTC] [Image Optimizer]: info in ImageOptimization\Modules\Optimization\Classes\Optimize_Image->optimize(): Size `full` is already optimized
[27-Nov-2024 09:34:02 UTC] [Image Optimizer]: info in ImageOptimization\Modules\Optimization\Classes\Optimize_Image->optimize(): Size `medium` is already optimized
[27-Nov-2024 09:34:02 UTC] [Image Optimizer]: info in ImageOptimization\Modules\Optimization\Classes\Optimize_Image->optimize(): Size `large` is already optimized
[27-Nov-2024 09:34:02 UTC] [Image Optimizer]: info in ImageOptimization\Modules\Optimization\Classes\Optimize_Image->optimize(): Size `thumbnail` is already optimized
[27-Nov-2024 09:34:02 UTC] [Image Optimizer]: info in ImageOptimization\Modules\Optimization\Classes\Optimize_Image->optimize(): Size `medium_large` is already optimized
[27-Nov-2024 09:34:02 UTC] [Image Optimizer]: info in ImageOptimization\Modules\Optimization\Classes\Optimize_Image->optimize(): Size `1536x1536` is already optimized
[27-Nov-2024 09:34:06 UTC] [Image Optimizer]: info in ImageOptimization\Modules\Optimization\Classes\Optimize_Image->optimize(): End optimization of 781
[27-Nov-2024 09:46:03 UTC] [Image Optimizer]: info in ImageOptimization\Modules\Optimization\Classes\Optimize_Image->optimize(): Start optimization of 928
[27-Nov-2024 09:47:03 UTC] [Image Optimizer]: info in ImageOptimization\Modules\Optimization\Classes\Optimize_Image->optimize(): Start optimization of 929
[27-Nov-2024 09:48:33 UTC] [Image Optimizer]: info in ImageOptimization\Modules\Optimization\Classes\Optimize_Image->optimize(): Start optimization of 930
